Build started 4/7/2016 9:17:19 AM.
     1>Project "C:\Users\DavidGerigPC\Desktop\Monitors\Monitors\Monitors.vcxproj" on node 2 (Build target(s)).
     1>ClCompile:
         C:\Program Files (x86)\Microsoft Visual Studio 14.0\VC\bin\CL.exe /c /IC:/SFML/include /IC:/SDL/include /ZI /nologo /W3 /WX- /Od /Oy- /D WIN32 /D _DEBUG /D _CONSOLE /D _UNICODE /D UNICODE /Gm /EHsc /RTC1 /MDd /GS /fp:precise /Zc:wchar_t /Zc:forScope /Zc:inline /Fo"Debug\\" /Fd"Debug\vc140.pdb" /Gd /TP /analyze- /errorReport:prompt Achievement.cpp Main.cpp
         Achievement.cpp
     1>c:\users\davidgerigpc\desktop\monitors\monitors\achievement.cpp(48): warning C4018: '<': signed/unsigned mismatch
     1>c:\users\davidgerigpc\desktop\monitors\monitors\achievement.cpp(90): warning C4018: '<': signed/unsigned mismatch
     1>c:\users\davidgerigpc\desktop\monitors\monitors\achievement.cpp(132): warning C4018: '<': signed/unsigned mismatch
     1>c:\users\davidgerigpc\desktop\monitors\monitors\achievement.cpp(174): warning C4018: '<': signed/unsigned mismatch
     1>c:\users\davidgerigpc\desktop\monitors\monitors\achievement.cpp(216): warning C4018: '<': signed/unsigned mismatch
         Generating Code...
         Compiling...
         Main.cpp
     1>c:\users\davidgerigpc\desktop\monitors\monitors\main.cpp(250): warning C4018: '<': signed/unsigned mismatch
     1>c:\users\davidgerigpc\desktop\monitors\monitors\main.cpp(282): warning C4018: '<': signed/unsigned mismatch
     1>c:\users\davidgerigpc\desktop\monitors\monitors\main.cpp(321): warning C4018: '<': signed/unsigned mismatch
     1>c:\users\davidgerigpc\desktop\monitors\monitors\main.cpp(362): warning C4018: '<': signed/unsigned mismatch
     1>c:\users\davidgerigpc\desktop\monitors\monitors\main.cpp(367): warning C4018: '<': signed/unsigned mismatch
     1>c:\users\davidgerigpc\desktop\monitors\monitors\main.cpp(390): warning C4018: '<': signed/unsigned mismatch
     1>c:\users\davidgerigpc\desktop\monitors\monitors\main.cpp(395): warning C4018: '<': signed/unsigned mismatch
     1>c:\users\davidgerigpc\desktop\monitors\monitors\main.cpp(134): warning C4101: 'myClock': unreferenced local variable
     1>c:\users\davidgerigpc\desktop\monitors\monitors\main.cpp(172): warning C4101: 'event': unreferenced local variable
         Generating Code...
       Link:
         C:\Program Files (x86)\Microsoft Visual Studio 14.0\VC\bin\link.exe /ERRORREPORT:PROMPT /OUT:"C:\Users\DavidGerigPC\Desktop\Monitors\Debug\Monitors.exe" /INCREMENTAL /NOLOGO /LIBPATH:C:/SFML/lib /LIBPATH:C:/SDL/lib kernel32.lib user32.lib gdi32.lib winspool.lib comdlg32.lib advapi32.lib shell32.lib ole32.lib oleaut32.lib uuid.lib odbc32.lib odbccp32.lib /MANIFEST /MANIFESTUAC:"level='asInvoker' uiAccess='false'" /manifest:embed /Debug /PDB:"C:\Users\DavidGerigPC\Desktop\Monitors\Debug\Monitors.pdb" /SUBSYSTEM:CONSOLE /TLBID:1 /DYNAMICBASE /NXCOMPAT /IMPLIB:"C:\Users\DavidGerigPC\Desktop\Monitors\Debug\Monitors.lib" /MACHINE:X86 Debug\Achievement.obj
         Debug\Main.obj
         Debug\ThreadingGlobals.obj
         Monitors.vcxproj -> C:\Users\DavidGerigPC\Desktop\Monitors\Debug\Monitors.exe
     1>Done Building Project "C:\Users\DavidGerigPC\Desktop\Monitors\Monitors\Monitors.vcxproj" (Build target(s)).

Build succeeded.

Time Elapsed 00:00:01.69
